<?xml version="1.0" encoding="UTF-8"?>
<testsuite xmlns:xsi="http://www.w3.org/2001/XMLSchema-instance" xsi:noNamespaceSchemaLocation="https://maven.apache.org/surefire/maven-surefire-plugin/xsd/surefire-test-report-3.0.xsd" version="3.0" name="com.lab.ecommerce.product.ProductControllerTest" time="23.459" tests="4" errors="0" skipped="0" failures="0">
  <properties>
[...]
</properties>
  <testcase name="getAllProducts_returns200" classname="com.lab.ecommerce.product.ProductControllerTest" time="2.861">
    <system-out><![CDATA[11:36:38.278 [main] INFO org.springframework.test.context.support.AnnotationConfigContextLoaderUtils -- Could not detect default configuration classes for test class [com.lab.ecommerce.product.ProductControllerTest]: ProductControllerTest does not declare any static, non-private, non-final, nested classes annotated with @Configuration.
11:36:38.797 [main] INFO org.springframework.boot.test.context.SpringBootTestContextBootstrapper -- Found @SpringBootConfiguration com.lab.ecommerce.EcommerceApplication for test class com.lab.ecommerce.product.ProductControllerTest

  .   ____          _            __ _ _
 /\\ / ___'_ __ _ _(_)_ __  __ _ \ \ \ \
( ( )\___ | '_ | '_| | '_ \/ _` | \ \ \ \
 \\/  ___)| |_)| | | | | || (_| |  ) ) ) )
  '  |____| .__|_| |_|_| |_\__, | / / / /
 =========|_|==============|___/=/_/_/_/
 :: Spring Boot ::                (v3.2.5)

{"timestamp":"2026-03-02T11:36:41.732+0200","@version":"1","message":"Starting ProductControllerTest using Java 23.0.2 with PID 16216 (started by nazar in C:\\Users\\nazar\\Downloads\\ecommerce-lab0\\ecommerce)","logger":"com.lab.ecommerce.product.ProductControllerTest","thread":"main","level":"INFO"}
{"timestamp":"2026-03-02T11:36:41.755+0200","@version":"1","message":"No active profile set, falling back to 1 default profile: \"default\"","logger":"com.lab.ecommerce.product.ProductControllerTest","thread":"main","level":"INFO"}
{"timestamp":"2026-03-02T11:36:45.070+0200","@version":"1","message":"Bootstrapping Spring Data JPA repositories in DEFAULT mode.","logger":"org.springframework.data.repository.config.RepositoryConfigurationDelegate","thread":"main","level":"INFO"}
{"timestamp":"2026-03-02T11:36:45.301+0200","@version":"1","message":"Finished Spring Data repository scanning in 159 ms. Found 1 JPA repository interface.","logger":"org.springframework.data.repository.config.RepositoryConfigurationDelegate","thread":"main","level":"INFO"}
{"timestamp":"2026-03-02T11:36:47.468+0200","@version":"1","message":"HikariPool-1 - Starting...","logger":"com.zaxxer.hikari.HikariDataSource","thread":"main","level":"INFO"}
{"timestamp":"2026-03-02T11:36:48.202+0200","@version":"1","message":"HikariPool-1 - Added connection conn0: url=jdbc:h2:mem:testdb user=SA","logger":"com.zaxxer.hikari.pool.HikariPool","thread":"main","level":"INFO"}
{"timestamp":"2026-03-02T11:36:48.206+0200","@version":"1","message":"HikariPool-1 - Start completed.","logger":"com.zaxxer.hikari.HikariDataSource","thread":"main","level":"INFO"}
{"timestamp":"2026-03-02T11:36:48.392+0200","@version":"1","message":"Flyway Community Edition 9.22.3 by Redgate","logger":"org.flywaydb.core.internal.license.VersionPrinter","thread":"main","level":"INFO"}
{"timestamp":"2026-03-02T11:36:48.392+0200","@version":"1","message":"See release notes here: https://rd.gt/416ObMi","logger":"org.flywaydb.core.internal.license.VersionPrinter","thread":"main","level":"INFO"}
{"timestamp":"2026-03-02T11:36:48.392+0200","@version":"1","message":"","logger":"org.flywaydb.core.internal.license.VersionPrinter","thread":"main","level":"INFO"}
{"timestamp":"2026-03-02T11:36:48.504+0200","@version":"1","message":"Database: jdbc:h2:mem:testdb (H2 2.2)","logger":"org.flywaydb.core.FlywayExecutor","thread":"main","level":"INFO"}
{"timestamp":"2026-03-02T11:36:48.512+0200","@version":"1","message":"Flyway upgrade recommended: H2 2.2.224 is newer than this version of Flyway and support has not been tested. The latest supported version of H2 is 2.2.220.","logger":"org.flywaydb.core.internal.database.base.Database","thread":"main","level":"WARN"}
{"timestamp":"2026-03-02T11:36:48.585+0200","@version":"1","message":"Schema history table \"PUBLIC\".\"flyway_schema_history\" does not exist yet","logger":"org.flywaydb.core.internal.schemahistory.JdbcTableSchemaHistory","thread":"main","level":"INFO"}
{"timestamp":"2026-03-02T11:36:48.591+0200","@version":"1","message":"Successfully validated 1 migration (execution time 00:00.047s)","logger":"org.flywaydb.core.internal.command.DbValidate","thread":"main","level":"INFO"}
{"timestamp":"2026-03-02T11:36:48.615+0200","@version":"1","message":"Creating Schema History table \"PUBLIC\".\"flyway_schema_history\" ...","logger":"org.flywaydb.core.internal.schemahistory.JdbcTableSchemaHistory","thread":"main","level":"INFO"}
{"timestamp":"2026-03-02T11:36:48.693+0200","@version":"1","message":"Current version of schema \"PUBLIC\": << Empty Schema >>","logger":"org.flywaydb.core.internal.command.DbMigrate","thread":"main","level":"INFO"}
{"timestamp":"2026-03-02T11:36:48.711+0200","@version":"1","message":"Migrating schema \"PUBLIC\" to version \"1 - init schema\"","logger":"org.flywaydb.core.internal.command.DbMigrate","thread":"main","level":"INFO"}
{"timestamp":"2026-03-02T11:36:48.745+0200","@version":"1","message":"Successfully applied 1 migration to schema \"PUBLIC\", now at version v1 (execution time 00:00.018s)","logger":"org.flywaydb.core.internal.command.DbMigrate","thread":"main","level":"INFO"}
{"timestamp":"2026-03-02T11:36:49.454+0200","@version":"1","message":"HHH000204: Processing PersistenceUnitInfo [name: default]","logger":"org.hibernate.jpa.internal.util.LogHelper","thread":"main","level":"INFO"}
{"timestamp":"2026-03-02T11:36:50.351+0200","@version":"1","message":"HHH000412: Hibernate ORM core version 6.4.4.Final","logger":"org.hibernate.Version","thread":"main","level":"INFO"}
{"timestamp":"2026-03-02T11:36:50.497+0200","@version":"1","message":"HHH000026: Second-level cache disabled","logger":"org.hibernate.cache.internal.RegionFactoryInitiator","thread":"main","level":"INFO"}
{"timestamp":"2026-03-02T11:36:51.126+0200","@version":"1","message":"No LoadTimeWeaver setup: ignoring JPA class transformer","logger":"org.springframework.orm.jpa.persistenceunit.SpringPersistenceUnitInfo","thread":"main","level":"INFO"}
{"timestamp":"2026-03-02T11:36:52.849+0200","@version":"1","message":"HHH000489: No JTA platform available (set 'hibernate.transaction.jta.platform' to enable JTA platform integration)","logger":"org.hibernate.engine.transaction.jta.platform.internal.JtaPlatformInitiator","thread":"main","level":"INFO"}
{"timestamp":"2026-03-02T11:36:52.852+0200","@version":"1","message":"Initialized JPA EntityManagerFactory for persistence unit 'default'","logger":"org.springframework.orm.jpa.LocalContainerEntityManagerFactoryBean","thread":"main","level":"INFO"}
{"timestamp":"2026-03-02T11:36:54.265+0200","@version":"1","message":"spring.jpa.open-in-view is enabled by default. Therefore, database queries may be performed during view rendering. Explicitly configure spring.jpa.open-in-view to disable this warning","logger":"org.springframework.boot.autoconfigure.orm.jpa.JpaBaseConfiguration$JpaWebConfiguration","thread":"main","level":"WARN"}
{"timestamp":"2026-03-02T11:36:57.412+0200","@version":"1","message":"Initializing Spring TestDispatcherServlet ''","logger":"org.springframework.boot.test.mock.web.SpringBootMockServletContext","thread":"main","level":"INFO"}
{"timestamp":"2026-03-02T11:36:57.413+0200","@version":"1","message":"Initializing Servlet ''","logger":"org.springframework.test.web.servlet.TestDispatcherServlet","thread":"main","level":"INFO"}
{"timestamp":"2026-03-02T11:36:57.436+0200","@version":"1","message":"Exposing 1 endpoint(s) beneath base path ''","logger":"org.springframework.boot.actuate.endpoint.web.EndpointLinksResolver","thread":"main","level":"INFO"}
{"timestamp":"2026-03-02T11:36:57.472+0200","@version":"1","message":"Completed initialization in 57 ms","logger":"org.springframework.test.web.servlet.TestDispatcherServlet","thread":"main","level":"INFO"}
{"timestamp":"2026-03-02T11:36:57.741+0200","@version":"1","message":"Started ProductControllerTest in 18.194 seconds (process running for 21.805)","logger":"com.lab.ecommerce.product.ProductControllerTest","thread":"main","level":"INFO"}
{"timestamp":"2026-03-02T11:37:00.314+0200","@version":"1","message":"Fetching all products","logger":"com.lab.ecommerce.product.ProductController","thread":"main","level":"INFO"}
Hibernate: select p1_0.id,p1_0.created_at,p1_0.name,p1_0.price,p1_0.stock from products p1_0
]]></system-out>
    <system-err><![CDATA[WARNING: A Java agent has been loaded dynamically (C:\Users\nazar\.m2\repository\net\bytebuddy\byte-buddy-agent\1.14.13\byte-buddy-agent-1.14.13.jar)
WARNING: If a serviceability tool is in use, please run with -XX:+EnableDynamicAgentLoading to hide this warning
WARNING: If a serviceability tool is not in use, please run with -Djdk.instrument.traceUsage for more information
WARNING: Dynamic loading of agents will be disallowed by default in a future release
]]></system-err>
  </testcase>
  <testcase name="getProductById_notFound_returns404" classname="com.lab.ecommerce.product.ProductControllerTest" time="0.071">
    <system-out><![CDATA[{"timestamp":"2026-03-02T11:37:00.861+0200","@version":"1","message":"Fetching product id=99999","logger":"com.lab.ecommerce.product.ProductController","thread":"main","level":"INFO"}
Hibernate: select p1_0.id,p1_0.created_at,p1_0.name,p1_0.price,p1_0.stock from products p1_0 where p1_0.id=?
]]></system-out>
  </testcase>
  <testcase name="healthEndpoint_returns200" classname="com.lab.ecommerce.product.ProductControllerTest" time="0.125"/>
  <testcase name="createProduct_returns200" classname="com.lab.ecommerce.product.ProductControllerTest" time="0.183">
    <system-out><![CDATA[{"timestamp":"2026-03-02T11:37:01.078+0200","@version":"1","message":"Creating product name=Test Product","logger":"com.lab.ecommerce.product.ProductController","thread":"main","level":"INFO"}
Hibernate: insert into products (created_at,name,price,stock,id) values (?,?,?,?,default)
]]></system-out>
  </testcase>
</testsuite>