<?xml version="1.0" encoding="UTF-8"?>
<testsuite xmlns:xsi="http://www.w3.org/2001/XMLSchema-instance" xsi:noNamespaceSchemaLocation="https://maven.apache.org/surefire/maven-surefire-plugin/xsd/surefire-test-report-3.0.xsd" version="3.0" name="com.lab.ecommerce.product.ProductControllerTest" time="47.974" tests="4" errors="0" skipped="0" failures="0">
  <properties>
[...]
</properties>
  <testcase name="getAllProducts_returns200" classname="com.lab.ecommerce.product.ProductControllerTest" time="5.866">
    <system-out><![CDATA[23:24:38.235 [main] INFO org.springframework.test.context.support.AnnotationConfigContextLoaderUtils -- Could not detect default configuration classes for test class [com.lab.ecommerce.product.ProductControllerTest]: ProductControllerTest does not declare any static, non-private, non-final, nested classes annotated with @Configuration.
23:24:38.711 [main] INFO org.springframework.boot.test.context.SpringBootTestContextBootstrapper -- Found @SpringBootConfiguration com.lab.ecommerce.EcommerceApplication for test class com.lab.ecommerce.product.ProductControllerTest

  .   ____          _            __ _ _
 /\\ / ___'_ __ _ _(_)_ __  __ _ \ \ \ \
( ( )\___ | '_ | '_| | '_ \/ _` | \ \ \ \
 \\/  ___)| |_)| | | | | || (_| |  ) ) ) )
  '  |____| .__|_| |_|_| |_\__, | / / / /
 =========|_|==============|___/=/_/_/_/

 :: Spring Boot ::               (v3.3.11)

{"@timestamp":"2026-03-02T21:24:41.7677294Z","level":"INFO","thread_name":"main","logger_name":"com.lab.ecommerce.product.ProductControllerTest","message":"Starting ProductControllerTest using Java 23.0.2 with PID 9012 (started by nazar in C:\\Users\\nazar\\Downloads\\ecommerce-lab0\\ecommerce)"}
{"@timestamp":"2026-03-02T21:24:41.7907276Z","level":"INFO","thread_name":"main","logger_name":"com.lab.ecommerce.product.ProductControllerTest","message":"No active profile set, falling back to 1 default profile: \"default\""}
{"@timestamp":"2026-03-02T21:24:44.6031143Z","level":"INFO","thread_name":"main","logger_name":"org.springframework.data.repository.config.RepositoryConfigurationDelegate","message":"Bootstrapping Spring Data JPA repositories in DEFAULT mode."}
{"@timestamp":"2026-03-02T21:24:44.8281098Z","level":"INFO","thread_name":"main","logger_name":"org.springframework.data.repository.config.RepositoryConfigurationDelegate","message":"Finished Spring Data repository scanning in 173 ms. Found 1 JPA repository interface."}
{"@timestamp":"2026-03-02T21:24:47.7290857Z","level":"INFO","thread_name":"main","logger_name":"com.zaxxer.hikari.HikariDataSource","message":"HikariPool-1 - Starting..."}
{"@timestamp":"2026-03-02T21:24:48.5400852Z","level":"INFO","thread_name":"main","logger_name":"com.zaxxer.hikari.pool.HikariPool","message":"HikariPool-1 - Added connection conn0: url=jdbc:h2:mem:testdb user=SA"}
{"@timestamp":"2026-03-02T21:24:48.5440865Z","level":"INFO","thread_name":"main","logger_name":"com.zaxxer.hikari.HikariDataSource","message":"HikariPool-1 - Start completed."}
{"@timestamp":"2026-03-02T21:24:48.8200842Z","level":"INFO","thread_name":"main","logger_name":"org.flywaydb.core.FlywayExecutor","message":"Database: jdbc:h2:mem:testdb (H2 2.2)"}
{"@timestamp":"2026-03-02T21:24:48.8490884Z","level":"WARN","thread_name":"main","logger_name":"org.flywaydb.core.internal.database.base.Database","message":"Flyway upgrade recommended: H2 2.2.224 is newer than this version of Flyway and support has not been tested. The latest supported version of H2 is 2.2.220."}
{"@timestamp":"2026-03-02T21:24:49.0750876Z","level":"INFO","thread_name":"main","logger_name":"org.flywaydb.core.internal.schemahistory.JdbcTableSchemaHistory","message":"Schema history table \"PUBLIC\".\"flyway_schema_history\" does not exist yet"}
{"@timestamp":"2026-03-02T21:24:49.0830884Z","level":"INFO","thread_name":"main","logger_name":"org.flywaydb.core.internal.command.DbValidate","message":"Successfully validated 1 migration (execution time 00:00.044s)"}
{"@timestamp":"2026-03-02T21:24:49.1190898Z","level":"INFO","thread_name":"main","logger_name":"org.flywaydb.core.internal.schemahistory.JdbcTableSchemaHistory","message":"Creating Schema History table \"PUBLIC\".\"flyway_schema_history\" ..."}
{"@timestamp":"2026-03-02T21:24:49.2890872Z","level":"INFO","thread_name":"main","logger_name":"org.flywaydb.core.internal.command.DbMigrate","message":"Current version of schema \"PUBLIC\": << Empty Schema >>"}
{"@timestamp":"2026-03-02T21:24:49.3040851Z","level":"INFO","thread_name":"main","logger_name":"org.flywaydb.core.internal.command.DbMigrate","message":"Migrating schema \"PUBLIC\" to version \"1 - init schema\""}
{"@timestamp":"2026-03-02T21:24:49.378086Z","level":"INFO","thread_name":"main","logger_name":"org.flywaydb.core.internal.command.DbMigrate","message":"Successfully applied 1 migration to schema \"PUBLIC\", now at version v1 (execution time 00:00.026s)"}
{"@timestamp":"2026-03-02T21:24:51.0326358Z","level":"INFO","thread_name":"main","logger_name":"org.hibernate.jpa.internal.util.LogHelper","message":"HHH000204: Processing PersistenceUnitInfo [name: default]"}
{"@timestamp":"2026-03-02T21:24:52.0097408Z","level":"INFO","thread_name":"main","logger_name":"org.hibernate.Version","message":"HHH000412: Hibernate ORM core version 6.5.3.Final"}
{"@timestamp":"2026-03-02T21:24:52.3746435Z","level":"INFO","thread_name":"main","logger_name":"org.hibernate.cache.internal.RegionFactoryInitiator","message":"HHH000026: Second-level cache disabled"}
{"@timestamp":"2026-03-02T21:24:53.9200866Z","level":"INFO","thread_name":"main","logger_name":"org.springframework.orm.jpa.persistenceunit.SpringPersistenceUnitInfo","message":"No LoadTimeWeaver setup: ignoring JPA class transformer"}
{"@timestamp":"2026-03-02T21:25:02.1884009Z","level":"INFO","thread_name":"main","logger_name":"org.hibernate.engine.transaction.jta.platform.internal.JtaPlatformInitiator","message":"HHH000489: No JTA platform available (set 'hibernate.transaction.jta.platform' to enable JTA platform integration)"}
{"@timestamp":"2026-03-02T21:25:02.2194022Z","level":"INFO","thread_name":"main","logger_name":"org.springframework.orm.jpa.LocalContainerEntityManagerFactoryBean","message":"Initialized JPA EntityManagerFactory for persistence unit 'default'"}
{"@timestamp":"2026-03-02T21:25:04.1667593Z","level":"WARN","thread_name":"main","logger_name":"org.springframework.boot.autoconfigure.orm.jpa.JpaBaseConfiguration$JpaWebConfiguration","message":"spring.jpa.open-in-view is enabled by default. Therefore, database queries may be performed during view rendering. Explicitly configure spring.jpa.open-in-view to disable this warning"}
{"@timestamp":"2026-03-02T21:25:13.3204669Z","level":"INFO","thread_name":"main","logger_name":"org.springframework.boot.test.mock.web.SpringBootMockServletContext","message":"Initializing Spring TestDispatcherServlet ''"}
{"@timestamp":"2026-03-02T21:25:13.321468Z","level":"INFO","thread_name":"main","logger_name":"org.springframework.test.web.servlet.TestDispatcherServlet","message":"Initializing Servlet ''"}
{"@timestamp":"2026-03-02T21:25:13.3634643Z","level":"INFO","thread_name":"main","logger_name":"org.springframework.boot.actuate.endpoint.web.EndpointLinksResolver","message":"Exposing 1 endpoint beneath base path ''"}
{"@timestamp":"2026-03-02T21:25:13.4324696Z","level":"INFO","thread_name":"main","logger_name":"org.springframework.test.web.servlet.TestDispatcherServlet","message":"Completed initialization in 109 ms"}
{"@timestamp":"2026-03-02T21:25:14.1864835Z","level":"INFO","thread_name":"main","logger_name":"com.lab.ecommerce.product.ProductControllerTest","message":"Started ProductControllerTest in 34.985 seconds (process running for 38.354)"}
{"@timestamp":"2026-03-02T21:25:21.4449913Z","level":"INFO","thread_name":"main","logger_name":"com.lab.ecommerce.product.ProductController","message":"Fetching all products"}
Hibernate: select p1_0.id,p1_0.created_at,p1_0.name,p1_0.price,p1_0.stock from products p1_0
]]></system-out>
    <system-err><![CDATA[WARNING: A Java agent has been loaded dynamically (C:\Users\nazar\.m2\repository\net\bytebuddy\byte-buddy-agent\1.14.19\byte-buddy-agent-1.14.19.jar)
WARNING: If a serviceability tool is in use, please run with -XX:+EnableDynamicAgentLoading to hide this warning
WARNING: If a serviceability tool is not in use, please run with -Djdk.instrument.traceUsage for more information
WARNING: Dynamic loading of agents will be disallowed by default in a future release
]]></system-err>
  </testcase>
  <testcase name="getProductById_notFound_returns404" classname="com.lab.ecommerce.product.ProductControllerTest" time="0.316">
    <system-out><![CDATA[{"@timestamp":"2026-03-02T21:25:23.4779325Z","level":"INFO","thread_name":"main","logger_name":"com.lab.ecommerce.product.ProductController","message":"Fetching product id=99999"}
Hibernate: select p1_0.id,p1_0.created_at,p1_0.name,p1_0.price,p1_0.stock from products p1_0 where p1_0.id=?
]]></system-out>
  </testcase>
  <testcase name="healthEndpoint_returns200" classname="com.lab.ecommerce.product.ProductControllerTest" time="0.381"/>
  <testcase name="createProduct_returns200" classname="com.lab.ecommerce.product.ProductControllerTest" time="1.421">
    <system-out><![CDATA[{"@timestamp":"2026-03-02T21:25:24.1503171Z","level":"INFO","thread_name":"main","logger_name":"com.lab.ecommerce.product.ProductController","message":"Creating product name=Test Product"}
Hibernate: insert into products (created_at,name,price,stock,id) values (?,?,?,?,default)
]]></system-out>
  </testcase>
</testsuite>